<?xml version="1.0" encoding="UTF-8"?>
<!-- Generated by org.testng.reporters.JUnitReportReporter -->
<testsuite hostname="AR-NB-424" failures="0" tests="1" name="challenge.AmazonTest" time="13.422" errors="0" timestamp="2021-10-18T18:13:25 ART" skipped="0">
  <testcase classname="challenge.AmazonTest" name="search10ItemMercadoLibre" time="13.422"/>
  <system-out/>
</testsuite> <!-- challenge.AmazonTest -->
