<?xml version="1.0" encoding="UTF-8"?>
<!-- Generated by org.testng.reporters.JUnitReportReporter -->
<testsuite hostname="AR-NB-424" failures="0" tests="1" name="challenge.MercadoLibreTest" time="3.158" errors="0" timestamp="2021-10-18T16:32:09 ART" skipped="0">
  <testcase classname="challenge.MercadoLibreTest" name="search10ItemMercadoLibre" time="3.158"/>
  <system-out/>
</testsuite> <!-- challenge.MercadoLibreTest -->
