<?xml version="1.0" encoding="UTF-8"?>
<!-- Generated by org.testng.reporters.JUnitReportReporter -->
<testsuite hostname="AR-NB-424" failures="0" tests="1" name="challenge.EbayTest" time="4.211" errors="0" timestamp="2021-10-18T18:22:08 ART" skipped="0">
  <testcase classname="challenge.EbayTest" name="search10ItemEbay" time="4.211"/>
  <system-out/>
</testsuite> <!-- challenge.EbayTest -->
