<?xml version="1.0" encoding="UTF-8"?>
<!-- Generated by org.testng.reporters.JUnitReportReporter -->
<testsuite hostname="AR-NB-424" failures="0" tests="1" name="challenge.FirstTest" time="2.824" errors="0" timestamp="2021-10-18T16:20:48 ART" skipped="0">
  <testcase classname="challenge.FirstTest" name="search10ItemMercadoLibre" time="2.824"/>
  <system-out/>
</testsuite> <!-- challenge.FirstTest -->
